<?xml version="1.0" encoding="UTF-8"?>
<!-- Generated by org.testng.reporters.JUnitReportReporter -->
<testsuite hostname="LAPTOP-41741T4J" name="runner.ActitimeRunner" tests="3" failures="0" timestamp="21 Oct 2022 17:32:22 GMT" time="93.161" errors="0">
  <testcase name="runScenario" time="29.308" classname="runner.ActitimeRunner"/>
  <testcase name="runScenario" time="29.667" classname="runner.ActitimeRunner"/>
  <testcase name="runScenario" time="34.186" classname="runner.ActitimeRunner"/>
</testsuite> <!-- runner.ActitimeRunner -->
